   1              		.syntax unified
   2              		.cpu cortex-m4
   3              		.fpu softvfp
   4              		.eabi_attribute 20, 1
   5              		.eabi_attribute 21, 1
   6              		.eabi_attribute 23, 3
   7              		.eabi_attribute 24, 1
   8              		.eabi_attribute 25, 1
   9              		.eabi_attribute 26, 1
  10              		.eabi_attribute 30, 2
  11              		.eabi_attribute 34, 1
  12              		.eabi_attribute 18, 4
  13              		.thumb
  14              		.file	"kinetis_sysinit.c"
  15              		.text
  16              	.Ltext0:
  17              		.cfi_sections	.debug_frame
  18              		.section	.text.Default_Handler,"ax",%progbits
  19              		.align	2
  20              		.global	Default_Handler
  21              		.thumb
  22              		.thumb_func
  24              	Default_Handler:
  25              	.LFB0:
  26              		.file 1 "../Project_Settings/Startup_Code/kinetis_sysinit.c"
   1:../Project_Settings/Startup_Code/kinetis_sysinit.c **** /*
   2:../Project_Settings/Startup_Code/kinetis_sysinit.c ****  *    kinetis_sysinit.c - Default init routines for P0
   3:../Project_Settings/Startup_Code/kinetis_sysinit.c ****  *                     		Kinetis ARM systems
   4:../Project_Settings/Startup_Code/kinetis_sysinit.c ****  *    Copyright © 2012 Freescale semiConductor Inc. All Rights Reserved.
   5:../Project_Settings/Startup_Code/kinetis_sysinit.c ****  */
   6:../Project_Settings/Startup_Code/kinetis_sysinit.c ****  
   7:../Project_Settings/Startup_Code/kinetis_sysinit.c **** #include "kinetis_sysinit.h"
   8:../Project_Settings/Startup_Code/kinetis_sysinit.c **** #include "derivative.h"
   9:../Project_Settings/Startup_Code/kinetis_sysinit.c **** 
  10:../Project_Settings/Startup_Code/kinetis_sysinit.c **** 
  11:../Project_Settings/Startup_Code/kinetis_sysinit.c **** extern void sai0_rx_isr(void);
  12:../Project_Settings/Startup_Code/kinetis_sysinit.c **** 
  13:../Project_Settings/Startup_Code/kinetis_sysinit.c **** extern void sai0_tx_isr(void);
  14:../Project_Settings/Startup_Code/kinetis_sysinit.c **** /**
  15:../Project_Settings/Startup_Code/kinetis_sysinit.c ****  **===========================================================================
  16:../Project_Settings/Startup_Code/kinetis_sysinit.c ****  **  External declarations
  17:../Project_Settings/Startup_Code/kinetis_sysinit.c ****  **===========================================================================
  18:../Project_Settings/Startup_Code/kinetis_sysinit.c ****  */
  19:../Project_Settings/Startup_Code/kinetis_sysinit.c **** #if __cplusplus
  20:../Project_Settings/Startup_Code/kinetis_sysinit.c **** extern "C" {
  21:../Project_Settings/Startup_Code/kinetis_sysinit.c **** #endif
  22:../Project_Settings/Startup_Code/kinetis_sysinit.c **** extern uint32_t __vector_table[];
  23:../Project_Settings/Startup_Code/kinetis_sysinit.c **** extern unsigned long _estack;
  24:../Project_Settings/Startup_Code/kinetis_sysinit.c **** extern void __thumb_startup(void);
  25:../Project_Settings/Startup_Code/kinetis_sysinit.c **** #if __cplusplus
  26:../Project_Settings/Startup_Code/kinetis_sysinit.c **** }
  27:../Project_Settings/Startup_Code/kinetis_sysinit.c **** #endif
  28:../Project_Settings/Startup_Code/kinetis_sysinit.c **** 
  29:../Project_Settings/Startup_Code/kinetis_sysinit.c **** /**
  30:../Project_Settings/Startup_Code/kinetis_sysinit.c ****  **===========================================================================
  31:../Project_Settings/Startup_Code/kinetis_sysinit.c ****  **  Default interrupt handler
  32:../Project_Settings/Startup_Code/kinetis_sysinit.c ****  **===========================================================================
  33:../Project_Settings/Startup_Code/kinetis_sysinit.c ****  */
  34:../Project_Settings/Startup_Code/kinetis_sysinit.c **** void Default_Handler()
  35:../Project_Settings/Startup_Code/kinetis_sysinit.c **** 
  36:../Project_Settings/Startup_Code/kinetis_sysinit.c **** {
  27              		.loc 1 36 0
  28              		.cfi_startproc
  29              		@ args = 0, pretend = 0, frame = 0
  30              		@ frame_needed = 0, uses_anonymous_args = 0
  31              		@ link register save eliminated.
  37:../Project_Settings/Startup_Code/kinetis_sysinit.c **** 	__asm("bkpt");
  32              		.loc 1 37 0
  33              	@ 37 "../Project_Settings/Startup_Code/kinetis_sysinit.c" 1
  34 0000 00BE     		bkpt
  35              	@ 0 "" 2
  36              		.thumb
  37 0002 7047     		bx	lr
  38              		.cfi_endproc
  39              	.LFE0:
  41              		.weak	HardFault_Handler
  42              		.thumb_set HardFault_Handler,Default_Handler
  43              		.weak	MemManage_Handler
  44              		.thumb_set MemManage_Handler,Default_Handler
  45              		.weak	BusFault_Handler
  46              		.thumb_set BusFault_Handler,Default_Handler
  47              		.weak	UsageFault_Handler
  48              		.thumb_set UsageFault_Handler,Default_Handler
  49              		.weak	SVC_Handler
  50              		.thumb_set SVC_Handler,Default_Handler
  51              		.weak	DebugMonitor_Handler
  52              		.thumb_set DebugMonitor_Handler,Default_Handler
  53              		.weak	PendSV_Handler
  54              		.thumb_set PendSV_Handler,Default_Handler
  55              		.weak	SysTick_Handler
  56              		.thumb_set SysTick_Handler,Default_Handler
  57              		.weak	NMI_Handler
  58              		.thumb_set NMI_Handler,Default_Handler
  59              		.section	.text.__init_hardware,"ax",%progbits
  60              		.align	2
  61              		.global	__init_hardware
  62              		.thumb
  63              		.thumb_func
  65              	__init_hardware:
  66              	.LFB1:
  38:../Project_Settings/Startup_Code/kinetis_sysinit.c **** }
  39:../Project_Settings/Startup_Code/kinetis_sysinit.c **** 
  40:../Project_Settings/Startup_Code/kinetis_sysinit.c **** /**
  41:../Project_Settings/Startup_Code/kinetis_sysinit.c ****  **===========================================================================
  42:../Project_Settings/Startup_Code/kinetis_sysinit.c ****  **  Reset handler
  43:../Project_Settings/Startup_Code/kinetis_sysinit.c ****  **===========================================================================
  44:../Project_Settings/Startup_Code/kinetis_sysinit.c ****  */
  45:../Project_Settings/Startup_Code/kinetis_sysinit.c **** void __init_hardware()
  46:../Project_Settings/Startup_Code/kinetis_sysinit.c **** {
  67              		.loc 1 46 0
  68              		.cfi_startproc
  69              		@ args = 0, pretend = 0, frame = 0
  70              		@ frame_needed = 0, uses_anonymous_args = 0
  71              		@ link register save eliminated.
  47:../Project_Settings/Startup_Code/kinetis_sysinit.c **** 	SCB_VTOR = (uint32_t)__vector_table; /* Set the interrupt vector table position */
  72              		.loc 1 47 0
  73 0000 4FF0E021 		mov	r1, #-536813568
  48:../Project_Settings/Startup_Code/kinetis_sysinit.c **** 	/*
  49:../Project_Settings/Startup_Code/kinetis_sysinit.c **** 		Disable the Watchdog because it may reset the core before entering main().
  50:../Project_Settings/Startup_Code/kinetis_sysinit.c **** 		There are 2 unlock words which shall be provided in sequence before
  51:../Project_Settings/Startup_Code/kinetis_sysinit.c **** 		accessing the control register.
  52:../Project_Settings/Startup_Code/kinetis_sysinit.c **** 	*/
  53:../Project_Settings/Startup_Code/kinetis_sysinit.c **** 	WDOG_UNLOCK = KINETIS_WDOG_UNLOCK_SEQ_1;
  74              		.loc 1 53 0
  75 0004 4FF40053 		mov	r3, #8192
  47:../Project_Settings/Startup_Code/kinetis_sysinit.c **** 	SCB_VTOR = (uint32_t)__vector_table; /* Set the interrupt vector table position */
  76              		.loc 1 47 0
  77 0008 40F20002 		movw	r2, #:lower16:__vector_table
  78              		.loc 1 53 0
  79 000c C4F20503 		movt	r3, 16389
  47:../Project_Settings/Startup_Code/kinetis_sysinit.c **** 	SCB_VTOR = (uint32_t)__vector_table; /* Set the interrupt vector table position */
  80              		.loc 1 47 0
  81 0010 C0F20002 		movt	r2, #:upper16:__vector_table
  82 0014 C1F8082D 		str	r2, [r1, #3336]
  83              		.loc 1 53 0
  84 0018 4CF22050 		movw	r0, #50464
  54:../Project_Settings/Startup_Code/kinetis_sysinit.c **** 	WDOG_UNLOCK = KINETIS_WDOG_UNLOCK_SEQ_2;
  85              		.loc 1 54 0
  86 001c 4DF62812 		movw	r2, #55592
  55:../Project_Settings/Startup_Code/kinetis_sysinit.c **** 	WDOG_STCTRLH = KINETIS_WDOG_DISABLED_CTRL;
  87              		.loc 1 55 0
  88 0020 D221     		movs	r1, #210
  53:../Project_Settings/Startup_Code/kinetis_sysinit.c **** 	WDOG_UNLOCK = KINETIS_WDOG_UNLOCK_SEQ_1;
  89              		.loc 1 53 0
  90 0022 D881     		strh	r0, [r3, #14]	@ movhi
  54:../Project_Settings/Startup_Code/kinetis_sysinit.c **** 	WDOG_UNLOCK = KINETIS_WDOG_UNLOCK_SEQ_2;
  91              		.loc 1 54 0
  92 0024 DA81     		strh	r2, [r3, #14]	@ movhi
  93              		.loc 1 55 0
  94 0026 1980     		strh	r1, [r3, #0]	@ movhi
  95 0028 7047     		bx	lr
  96              		.cfi_endproc
  97              	.LFE1:
  99              		.global	InterruptVector
 100 002a 00BF     		.section	.vectortable,"a",%progbits
 101              		.align	2
 104              	InterruptVector:
 105 0000 00000000 		.word	_estack
 106 0004 00000000 		.word	__thumb_startup
 107 0008 00000000 		.word	NMI_Handler
 108 000c 00000000 		.word	HardFault_Handler
 109 0010 00000000 		.word	MemManage_Handler
 110 0014 00000000 		.word	BusFault_Handler
 111 0018 00000000 		.word	UsageFault_Handler
 112 001c 00000000 		.word	0
 113 0020 00000000 		.word	0
 114 0024 00000000 		.word	0
 115 0028 00000000 		.word	0
 116 002c 00000000 		.word	SVC_Handler
 117 0030 00000000 		.word	DebugMonitor_Handler
 118 0034 00000000 		.word	0
 119 0038 00000000 		.word	PendSV_Handler
 120 003c 00000000 		.word	SysTick_Handler
 121 0040 00000000 		.word	Default_Handler
 122 0044 00000000 		.word	Default_Handler
 123 0048 00000000 		.word	Default_Handler
 124 004c 00000000 		.word	Default_Handler
 125 0050 00000000 		.word	Default_Handler
 126 0054 00000000 		.word	Default_Handler
 127 0058 00000000 		.word	Default_Handler
 128 005c 00000000 		.word	Default_Handler
 129 0060 00000000 		.word	Default_Handler
 130 0064 00000000 		.word	Default_Handler
 131 0068 00000000 		.word	Default_Handler
 132 006c 00000000 		.word	Default_Handler
 133 0070 00000000 		.word	Default_Handler
 134 0074 00000000 		.word	sai0_tx_isr
 135 0078 00000000 		.word	sai0_rx_isr
 136 007c 00000000 		.word	Default_Handler
 137 0080 00000000 		.word	Default_Handler
 138 0084 00000000 		.word	Default_Handler
 139 0088 00000000 		.word	Default_Handler
 140 008c 00000000 		.word	Default_Handler
 141 0090 00000000 		.word	Default_Handler
 142 0094 00000000 		.word	Default_Handler
 143 0098 00000000 		.word	Default_Handler
 144 009c 00000000 		.word	Default_Handler
 145 00a0 00000000 		.word	Default_Handler
 146 00a4 00000000 		.word	Default_Handler
 147 00a8 00000000 		.word	Default_Handler
 148 00ac 00000000 		.word	Default_Handler
 149 00b0 00000000 		.word	Default_Handler
 150 00b4 00000000 		.word	Default_Handler
 151 00b8 00000000 		.word	Default_Handler
 152 00bc 00000000 		.word	Default_Handler
 153 00c0 00000000 		.word	Default_Handler
 154 00c4 00000000 		.word	Default_Handler
 155 00c8 00000000 		.word	Default_Handler
 156 00cc 00000000 		.word	Default_Handler
 157 00d0 00000000 		.word	Default_Handler
 158 00d4 00000000 		.word	Default_Handler
 159 00d8 00000000 		.word	Default_Handler
 160 00dc 00000000 		.word	Default_Handler
 161 00e0 00000000 		.word	Default_Handler
 162 00e4 00000000 		.word	Default_Handler
 163 00e8 00000000 		.word	Default_Handler
 164 00ec 00000000 		.word	Default_Handler
 165 00f0 00000000 		.word	Default_Handler
 166 00f4 00000000 		.word	Default_Handler
 167              		.text
 168              	.Letext0:
 169              		.file 2 "C:/Freescale/CW MCU v10.5/MCU/ARM_GCC_Support/ewl/EWL_C/include/cstdint"
 170              		.file 3 "C:/Users/ehughes/Dropbox/FRDM/FRDM-JAM/SRC/MonkeyJam/MonkeyJam/Project_Headers/MK20D5.h"
DEFINED SYMBOLS
                            *ABS*:00000000 kinetis_sysinit.c
C:\Users\ehughes\AppData\Local\Temp\ccNdehis.s:19     .text.Default_Handler:00000000 $t
C:\Users\ehughes\AppData\Local\Temp\ccNdehis.s:24     .text.Default_Handler:00000000 Default_Handler
C:\Users\ehughes\AppData\Local\Temp\ccNdehis.s:24     .text.Default_Handler:00000000 HardFault_Handler
C:\Users\ehughes\AppData\Local\Temp\ccNdehis.s:24     .text.Default_Handler:00000000 MemManage_Handler
C:\Users\ehughes\AppData\Local\Temp\ccNdehis.s:24     .text.Default_Handler:00000000 BusFault_Handler
C:\Users\ehughes\AppData\Local\Temp\ccNdehis.s:24     .text.Default_Handler:00000000 UsageFault_Handler
C:\Users\ehughes\AppData\Local\Temp\ccNdehis.s:24     .text.Default_Handler:00000000 SVC_Handler
C:\Users\ehughes\AppData\Local\Temp\ccNdehis.s:24     .text.Default_Handler:00000000 DebugMonitor_Handler
C:\Users\ehughes\AppData\Local\Temp\ccNdehis.s:24     .text.Default_Handler:00000000 PendSV_Handler
C:\Users\ehughes\AppData\Local\Temp\ccNdehis.s:24     .text.Default_Handler:00000000 SysTick_Handler
C:\Users\ehughes\AppData\Local\Temp\ccNdehis.s:24     .text.Default_Handler:00000000 NMI_Handler
C:\Users\ehughes\AppData\Local\Temp\ccNdehis.s:60     .text.__init_hardware:00000000 $t
C:\Users\ehughes\AppData\Local\Temp\ccNdehis.s:65     .text.__init_hardware:00000000 __init_hardware
C:\Users\ehughes\AppData\Local\Temp\ccNdehis.s:104    .vectortable:00000000 InterruptVector
C:\Users\ehughes\AppData\Local\Temp\ccNdehis.s:101    .vectortable:00000000 $d
                     .debug_frame:00000010 $d

UNDEFINED SYMBOLS
__vector_table
_estack
__thumb_startup
sai0_tx_isr
sai0_rx_isr
