   1              		.syntax unified
   2              		.cpu cortex-m4
   3              		.fpu softvfp
   4              		.eabi_attribute 20, 1
   5              		.eabi_attribute 21, 1
   6              		.eabi_attribute 23, 3
   7              		.eabi_attribute 24, 1
   8              		.eabi_attribute 25, 1
   9              		.eabi_attribute 26, 1
  10              		.eabi_attribute 30, 6
  11              		.eabi_attribute 34, 1
  12              		.eabi_attribute 18, 4
  13              		.thumb
  14              		.file	"AudioIF.c"
  15              		.text
  16              	.Ltext0:
  17              		.cfi_sections	.debug_frame
  18              		.comm	AudioMasterClock,4,4
  19              		.comm	AudioSampleRate,4,4
  20              		.global	__aeabi_ui2f
  21              		.global	__aeabi_fdiv
  22              		.global	__aeabi_fmul
  23              		.global	__aeabi_f2uiz
  24              		.global	__aeabi_fadd
  25              		.section	.text.InitAudioIO,"ax",%progbits
  26              		.align	2
  27              		.global	InitAudioIO
  28              		.thumb
  29              		.thumb_func
  31              	InitAudioIO:
  32              	.LFB0:
  33              		.file 1 "../Sources/DSP/AudioIF.c"
   1:../Sources/DSP/AudioIF.c **** /*$6*/
   2:../Sources/DSP/AudioIF.c **** 
   3:../Sources/DSP/AudioIF.c **** #include "stdint.h"
   4:../Sources/DSP/AudioIF.c **** #include "derivative.h"
   5:../Sources/DSP/AudioIF.c **** #include "../drivers/sai/sai.h"
   6:../Sources/DSP/AudioIF.c **** #include "../cpu/arm_cm4.h"
   7:../Sources/DSP/AudioIF.c **** 
   8:../Sources/DSP/AudioIF.c **** //#include "Audio_IF.h"
   9:../Sources/DSP/AudioIF.c **** 
  10:../Sources/DSP/AudioIF.c **** uint32_t    AudioMasterClock;
  11:../Sources/DSP/AudioIF.c **** uint32_t    AudioSampleRate;
  12:../Sources/DSP/AudioIF.c **** 
  13:../Sources/DSP/AudioIF.c **** uint32_t InitAudioIO( uint32_t    BusClockIn,
  14:../Sources/DSP/AudioIF.c ****                       uint32_t    SampleRate,
  15:../Sources/DSP/AudioIF.c ****                       uint32_t    MCLK_Ratio)
  16:../Sources/DSP/AudioIF.c **** 
  17:../Sources/DSP/AudioIF.c **** {
  34              		.loc 1 17 0
  35              		.cfi_startproc
  36              		@ args = 0, pretend = 0, frame = 32
  37              		@ frame_needed = 1, uses_anonymous_args = 0
  38 0000 B0B5     		push	{r4, r5, r7, lr}
  39              	.LCFI0:
  40              		.cfi_def_cfa_offset 16
  41              		.cfi_offset 4, -16
  42              		.cfi_offset 5, -12
  43              		.cfi_offset 7, -8
  44              		.cfi_offset 14, -4
  45 0002 8AB0     		sub	sp, sp, #40
  46              	.LCFI1:
  47              		.cfi_def_cfa_offset 56
  48 0004 02AF     		add	r7, sp, #8
  49              	.LCFI2:
  50              		.cfi_def_cfa 7, 48
  51 0006 F860     		str	r0, [r7, #12]
  52 0008 B960     		str	r1, [r7, #8]
  53 000a 7A60     		str	r2, [r7, #4]
  18:../Sources/DSP/AudioIF.c ****     float       TargetDivider;
  19:../Sources/DSP/AudioIF.c ****     uint32_t    Frac;
  20:../Sources/DSP/AudioIF.c ****     uint32_t    Div;
  21:../Sources/DSP/AudioIF.c ****     SIM_SCGC6 |= SIM_SCGC6_I2S_MASK;    //Enable CLock to I2S Module
  54              		.loc 1 21 0
  55 000c 4FF4E043 		mov	r3, #28672
  56 0010 C4F20403 		movt	r3, 16388
  57 0014 4FF4E042 		mov	r2, #28672
  58 0018 C4F20402 		movt	r2, 16388
  59 001c 02F58152 		add	r2, r2, #4128
  60 0020 02F11C02 		add	r2, r2, #28
  61 0024 1268     		ldr	r2, [r2, #0]
  62 0026 42F40042 		orr	r2, r2, #32768
  63 002a 03F58153 		add	r3, r3, #4128
  64 002e 03F11C03 		add	r3, r3, #28
  65 0032 1A60     		str	r2, [r3, #0]
  22:../Sources/DSP/AudioIF.c ****     //blow away all the registers;
  23:../Sources/DSP/AudioIF.c ****     sai_clear_reg(0);
  66              		.loc 1 23 0
  67 0034 4FF00000 		mov	r0, #0
  68 0038 FFF7FEFF 		bl	sai_clear_reg
  24:../Sources/DSP/AudioIF.c ****     //Setup the Master Clock
  25:../Sources/DSP/AudioIF.c ****     AudioMasterClock = SampleRate *     //input Sample Rate
  69              		.loc 1 25 0
  70 003c BB68     		ldr	r3, [r7, #8]
  71 003e 7A68     		ldr	r2, [r7, #4]
  72 0040 02FB03F2 		mul	r2, r2, r3
  73 0044 40F20003 		movw	r3, #:lower16:AudioMasterClock
  74 0048 C0F20003 		movt	r3, #:upper16:AudioMasterClock
  75 004c 1A60     		str	r2, [r3, #0]
  26:../Sources/DSP/AudioIF.c ****                        MCLK_Ratio; // Overclock Ration
  27:../Sources/DSP/AudioIF.c ****     TargetDivider = (float)AudioMasterClock / (float)BusClockIn;
  76              		.loc 1 27 0
  77 004e 40F20003 		movw	r3, #:lower16:AudioMasterClock
  78 0052 C0F20003 		movt	r3, #:upper16:AudioMasterClock
  79 0056 1B68     		ldr	r3, [r3, #0]
  80 0058 1846     		mov	r0, r3
  81 005a FFF7FEFF 		bl	__aeabi_ui2f
  82 005e 0446     		mov	r4, r0
  83 0060 F868     		ldr	r0, [r7, #12]
  84 0062 FFF7FEFF 		bl	__aeabi_ui2f
  85 0066 0346     		mov	r3, r0
  86 0068 2046     		mov	r0, r4
  87 006a 1946     		mov	r1, r3
  88 006c FFF7FEFF 		bl	__aeabi_fdiv
  89 0070 0346     		mov	r3, r0
  90 0072 BB61     		str	r3, [r7, #24]	@ float
  28:../Sources/DSP/AudioIF.c ****     //Iterate through all possibilities of the DIv/Frac to narrow in on a good diver
  29:../Sources/DSP/AudioIF.c ****     Div = 8192; //1st operation is a halving which will put us at the maximum divider value
  91              		.loc 1 29 0
  92 0074 4FF40053 		mov	r3, #8192
  93 0078 FB61     		str	r3, [r7, #28]
  94              	.L2:
  30:../Sources/DSP/AudioIF.c **** 
  31:../Sources/DSP/AudioIF.c ****     do
  32:../Sources/DSP/AudioIF.c ****         {
  33:../Sources/DSP/AudioIF.c ****             Div >>= 1;
  95              		.loc 1 33 0
  96 007a FB69     		ldr	r3, [r7, #28]
  97 007c 4FEA5303 		lsr	r3, r3, #1
  98 0080 FB61     		str	r3, [r7, #28]
  34:../Sources/DSP/AudioIF.c ****             Frac = (uint32_t) ((float)Div * TargetDivider);
  99              		.loc 1 34 0
 100 0082 F869     		ldr	r0, [r7, #28]
 101 0084 FFF7FEFF 		bl	__aeabi_ui2f
 102 0088 0346     		mov	r3, r0
 103 008a 1846     		mov	r0, r3
 104 008c B969     		ldr	r1, [r7, #24]	@ float
 105 008e FFF7FEFF 		bl	__aeabi_fmul
 106 0092 0346     		mov	r3, r0
 107 0094 1846     		mov	r0, r3
 108 0096 FFF7FEFF 		bl	__aeabi_f2uiz
 109 009a 0346     		mov	r3, r0
 110 009c 7B61     		str	r3, [r7, #20]
  35:../Sources/DSP/AudioIF.c ****         }
  36:../Sources/DSP/AudioIF.c ****     while(Frac > 256);
 111              		.loc 1 36 0
 112 009e 7B69     		ldr	r3, [r7, #20]
 113 00a0 B3F5807F 		cmp	r3, #256
 114 00a4 E9D8     		bhi	.L2
  37:../Sources/DSP/AudioIF.c **** 
  38:../Sources/DSP/AudioIF.c ****     //Re compute based upon actual Values
  39:../Sources/DSP/AudioIF.c ****     AudioMasterClock = (uint32_t) ((float)BusClockIn * (((float)Frac + 1) / ((float)Div + 1)));
 115              		.loc 1 39 0
 116 00a6 F868     		ldr	r0, [r7, #12]
 117 00a8 FFF7FEFF 		bl	__aeabi_ui2f
 118 00ac 0446     		mov	r4, r0
 119 00ae 7869     		ldr	r0, [r7, #20]
 120 00b0 FFF7FEFF 		bl	__aeabi_ui2f
 121 00b4 0346     		mov	r3, r0
 122 00b6 1846     		mov	r0, r3
 123 00b8 4FF07E51 		mov	r1, #1065353216
 124 00bc FFF7FEFF 		bl	__aeabi_fadd
 125 00c0 0346     		mov	r3, r0
 126 00c2 1D46     		mov	r5, r3
 127 00c4 F869     		ldr	r0, [r7, #28]
 128 00c6 FFF7FEFF 		bl	__aeabi_ui2f
 129 00ca 0346     		mov	r3, r0
 130 00cc 1846     		mov	r0, r3
 131 00ce 4FF07E51 		mov	r1, #1065353216
 132 00d2 FFF7FEFF 		bl	__aeabi_fadd
 133 00d6 0346     		mov	r3, r0
 134 00d8 2846     		mov	r0, r5
 135 00da 1946     		mov	r1, r3
 136 00dc FFF7FEFF 		bl	__aeabi_fdiv
 137 00e0 0346     		mov	r3, r0
 138 00e2 2046     		mov	r0, r4
 139 00e4 1946     		mov	r1, r3
 140 00e6 FFF7FEFF 		bl	__aeabi_fmul
 141 00ea 0346     		mov	r3, r0
 142 00ec 1846     		mov	r0, r3
 143 00ee FFF7FEFF 		bl	__aeabi_f2uiz
 144 00f2 0246     		mov	r2, r0
 145 00f4 40F20003 		movw	r3, #:lower16:AudioMasterClock
 146 00f8 C0F20003 		movt	r3, #:upper16:AudioMasterClock
 147 00fc 1A60     		str	r2, [r3, #0]
  40:../Sources/DSP/AudioIF.c ****     SampleRate = (uint32_t) ((float)AudioMasterClock / (float)MCLK_Ratio);
 148              		.loc 1 40 0
 149 00fe 40F20003 		movw	r3, #:lower16:AudioMasterClock
 150 0102 C0F20003 		movt	r3, #:upper16:AudioMasterClock
 151 0106 1B68     		ldr	r3, [r3, #0]
 152 0108 1846     		mov	r0, r3
 153 010a FFF7FEFF 		bl	__aeabi_ui2f
 154 010e 0446     		mov	r4, r0
 155 0110 7868     		ldr	r0, [r7, #4]
 156 0112 FFF7FEFF 		bl	__aeabi_ui2f
 157 0116 0346     		mov	r3, r0
 158 0118 2046     		mov	r0, r4
 159 011a 1946     		mov	r1, r3
 160 011c FFF7FEFF 		bl	__aeabi_fdiv
 161 0120 0346     		mov	r3, r0
 162 0122 1846     		mov	r0, r3
 163 0124 FFF7FEFF 		bl	__aeabi_f2uiz
 164 0128 0346     		mov	r3, r0
 165 012a BB60     		str	r3, [r7, #8]
  41:../Sources/DSP/AudioIF.c ****     sai_mclk_config(0, 0, 1, Frac - 1, Div - 1);
 166              		.loc 1 41 0
 167 012c 7B69     		ldr	r3, [r7, #20]
 168 012e DBB2     		uxtb	r3, r3
 169 0130 03F1FF33 		add	r3, r3, #-1
 170 0134 DBB2     		uxtb	r3, r3
 171 0136 FA69     		ldr	r2, [r7, #28]
 172 0138 02F1FF32 		add	r2, r2, #-1
 173 013c 0092     		str	r2, [sp, #0]
 174 013e 4FF00000 		mov	r0, #0
 175 0142 4FF00001 		mov	r1, #0
 176 0146 4FF00102 		mov	r2, #1
 177 014a FFF7FEFF 		bl	sai_mclk_config
  42:../Sources/DSP/AudioIF.c ****     //Set of the BitClock.  There always needs to be 64 bclocks per sample
  43:../Sources/DSP/AudioIF.c ****     Div = AudioMasterClock / (SampleRate * 64);
 178              		.loc 1 43 0
 179 014e 40F20003 		movw	r3, #:lower16:AudioMasterClock
 180 0152 C0F20003 		movt	r3, #:upper16:AudioMasterClock
 181 0156 1A68     		ldr	r2, [r3, #0]
 182 0158 BB68     		ldr	r3, [r7, #8]
 183 015a 4FEA8313 		lsl	r3, r3, #6
 184 015e B2FBF3F3 		udiv	r3, r2, r3
 185 0162 FB61     		str	r3, [r7, #28]
  44:../Sources/DSP/AudioIF.c ****     sai_bclk_config
  45:../Sources/DSP/AudioIF.c ****     (
  46:../Sources/DSP/AudioIF.c ****         0,      //Port 0
  47:../Sources/DSP/AudioIF.c ****         1,      //Tx
  48:../Sources/DSP/AudioIF.c ****         1,      //Set as MAster Clock
  49:../Sources/DSP/AudioIF.c ****         1,      //Active High Polarity
  50:../Sources/DSP/AudioIF.c ****         1,      //Direction is out
  51:../Sources/DSP/AudioIF.c ****         Div / 2 - 1
 186              		.loc 1 51 0
 187 0164 FB69     		ldr	r3, [r7, #28]
 188 0166 4FEA5303 		lsr	r3, r3, #1
  45:../Sources/DSP/AudioIF.c ****     (
 189              		.loc 1 45 0
 190 016a DBB2     		uxtb	r3, r3
 191 016c 03F1FF33 		add	r3, r3, #-1
 192 0170 DBB2     		uxtb	r3, r3
 193 0172 4FF00102 		mov	r2, #1
 194 0176 0092     		str	r2, [sp, #0]
 195 0178 0193     		str	r3, [sp, #4]
 196 017a 4FF00000 		mov	r0, #0
 197 017e 4FF00101 		mov	r1, #1
 198 0182 4FF00102 		mov	r2, #1
 199 0186 4FF00103 		mov	r3, #1
 200 018a FFF7FEFF 		bl	sai_bclk_config
  52:../Sources/DSP/AudioIF.c ****     );          //Set the Div value for the BIt CLock
  53:../Sources/DSP/AudioIF.c ****     sai_bclk_config
  54:../Sources/DSP/AudioIF.c ****     (
  55:../Sources/DSP/AudioIF.c ****         0,      //Port 0
  56:../Sources/DSP/AudioIF.c ****         0,      //Rx
  57:../Sources/DSP/AudioIF.c ****         1,      //Set as MAster Clock
  58:../Sources/DSP/AudioIF.c ****         1,      //Active High Polarity
  59:../Sources/DSP/AudioIF.c ****         1,      //Direction is out
  60:../Sources/DSP/AudioIF.c ****         Div / 2 - 1
 201              		.loc 1 60 0
 202 018e FB69     		ldr	r3, [r7, #28]
 203 0190 4FEA5303 		lsr	r3, r3, #1
  54:../Sources/DSP/AudioIF.c ****     (
 204              		.loc 1 54 0
 205 0194 DBB2     		uxtb	r3, r3
 206 0196 03F1FF33 		add	r3, r3, #-1
 207 019a DBB2     		uxtb	r3, r3
 208 019c 4FF00102 		mov	r2, #1
 209 01a0 0092     		str	r2, [sp, #0]
 210 01a2 0193     		str	r3, [sp, #4]
 211 01a4 4FF00000 		mov	r0, #0
 212 01a8 4FF00001 		mov	r1, #0
 213 01ac 4FF00102 		mov	r2, #1
 214 01b0 4FF00103 		mov	r3, #1
 215 01b4 FFF7FEFF 		bl	sai_bclk_config
  61:../Sources/DSP/AudioIF.c ****     );          //Set the Div value for the BIt CLock
  62:../Sources/DSP/AudioIF.c ****     sai_bclk_en(0, //Port
 216              		.loc 1 62 0
 217 01b8 4FF00000 		mov	r0, #0
 218 01bc 4FF00101 		mov	r1, #1
 219 01c0 FFF7FEFF 		bl	sai_bclk_en
  63:../Sources/DSP/AudioIF.c ****                 1 //Tx
  64:../Sources/DSP/AudioIF.c ****                );
  65:../Sources/DSP/AudioIF.c ****     sai_bclk_en(0, //Port
 220              		.loc 1 65 0
 221 01c4 4FF00000 		mov	r0, #0
 222 01c8 4FF00001 		mov	r1, #0
 223 01cc FFF7FEFF 		bl	sai_bclk_en
  66:../Sources/DSP/AudioIF.c ****                 0 //Rx
  67:../Sources/DSP/AudioIF.c ****                );
  68:../Sources/DSP/AudioIF.c ****     sai_mode_config(0, //Port 0
 224              		.loc 1 68 0
 225 01d0 4FF00003 		mov	r3, #0
 226 01d4 0093     		str	r3, [sp, #0]
 227 01d6 4FF00000 		mov	r0, #0
 228 01da 4FF00101 		mov	r1, #1
 229 01de 4FF00002 		mov	r2, #0
 230 01e2 4FF00003 		mov	r3, #0
 231 01e6 FFF7FEFF 		bl	sai_mode_config
  69:../Sources/DSP/AudioIF.c ****                     1, //Tx
  70:../Sources/DSP/AudioIF.c ****                     0,
  71:../Sources/DSP/AudioIF.c ****                     0, //Not Bit Swap
  72:../Sources/DSP/AudioIF.c ****                     0);  //No BCI
  73:../Sources/DSP/AudioIF.c ****     sai_mode_config(0, //Port 0
 232              		.loc 1 73 0
 233 01ea 4FF00003 		mov	r3, #0
 234 01ee 0093     		str	r3, [sp, #0]
 235 01f0 4FF00000 		mov	r0, #0
 236 01f4 4FF00001 		mov	r1, #0
 237 01f8 4FF00102 		mov	r2, #1
 238 01fc 4FF00003 		mov	r3, #0
 239 0200 FFF7FEFF 		bl	sai_mode_config
  74:../Sources/DSP/AudioIF.c ****                     0, //Rx
  75:../Sources/DSP/AudioIF.c ****                     1,
  76:../Sources/DSP/AudioIF.c ****                     0, //Not Bit Swap
  77:../Sources/DSP/AudioIF.c ****                     0);  //No BCI
  78:../Sources/DSP/AudioIF.c ****     sai_word_flg_config(0, //port
 240              		.loc 1 78 0
 241 0204 4FF00000 		mov	r0, #0
 242 0208 4FF00101 		mov	r1, #1
 243 020c 4FF00002 		mov	r2, #0
 244 0210 FFF7FEFF 		bl	sai_word_flg_config
  79:../Sources/DSP/AudioIF.c ****                         1, //tx
  80:../Sources/DSP/AudioIF.c ****                         0 //first word starts word flag
  81:../Sources/DSP/AudioIF.c ****                        );
  82:../Sources/DSP/AudioIF.c ****     sai_word_flg_config(0, //port
 245              		.loc 1 82 0
 246 0214 4FF00000 		mov	r0, #0
 247 0218 4FF00001 		mov	r1, #0
 248 021c 4FF00002 		mov	r2, #0
 249 0220 FFF7FEFF 		bl	sai_word_flg_config
  83:../Sources/DSP/AudioIF.c ****                         0, //rx
  84:../Sources/DSP/AudioIF.c ****                         0 //first word starts word flag
  85:../Sources/DSP/AudioIF.c ****                        );
  86:../Sources/DSP/AudioIF.c ****     sai_frame_config(
 250              		.loc 1 86 0
 251 0224 4FF00103 		mov	r3, #1
 252 0228 0093     		str	r3, [sp, #0]
 253 022a 4FF00000 		mov	r0, #0
 254 022e 4FF00101 		mov	r1, #1
 255 0232 4FF00102 		mov	r2, #1
 256 0236 4FF03F03 		mov	r3, #63
 257 023a FFF7FEFF 		bl	sai_frame_config
  87:../Sources/DSP/AudioIF.c ****         0,                  //Port
  88:../Sources/DSP/AudioIF.c ****         1,                  //tx
  89:../Sources/DSP/AudioIF.c ****         1,                  //Frame is 2 words - write one less than actual number
  90:../Sources/DSP/AudioIF.c ****         63,                 //one less than the number of BClks per frame.  32 bclocks for each wor
  91:../Sources/DSP/AudioIF.c ****         1                   //MSB First
  92:../Sources/DSP/AudioIF.c ****     );
  93:../Sources/DSP/AudioIF.c ****     sai_frame_config
  94:../Sources/DSP/AudioIF.c ****     (
 258              		.loc 1 94 0
 259 023e 4FF00103 		mov	r3, #1
 260 0242 0093     		str	r3, [sp, #0]
 261 0244 4FF00000 		mov	r0, #0
 262 0248 4FF00001 		mov	r1, #0
 263 024c 4FF00102 		mov	r2, #1
 264 0250 4FF03F03 		mov	r3, #63
 265 0254 FFF7FEFF 		bl	sai_frame_config
  95:../Sources/DSP/AudioIF.c ****         0,                  //Port
  96:../Sources/DSP/AudioIF.c ****         0,                  //Rx
  97:../Sources/DSP/AudioIF.c ****         1,                  //Frame is 2 words
  98:../Sources/DSP/AudioIF.c ****         63,                 //one less than the number of BClks per frame.  32 bclocks for each wor
  99:../Sources/DSP/AudioIF.c ****         1                   //MSB First
 100:../Sources/DSP/AudioIF.c ****     );
 101:../Sources/DSP/AudioIF.c ****     sai_frameclk_config
 102:../Sources/DSP/AudioIF.c ****     (
 266              		.loc 1 102 0
 267 0258 4FF00103 		mov	r3, #1
 268 025c 0093     		str	r3, [sp, #0]
 269 025e 4FF00000 		mov	r0, #0
 270 0262 4FF00101 		mov	r1, #1
 271 0266 4FF00102 		mov	r2, #1
 272 026a 4FF00003 		mov	r3, #0
 273 026e FFF7FEFF 		bl	sai_frameclk_config
 103:../Sources/DSP/AudioIF.c ****         0,                  //Port 0
 104:../Sources/DSP/AudioIF.c ****         1,                  //Tx
 105:../Sources/DSP/AudioIF.c ****         1,                  //Frame Sync One bit Early. //  This makes it I2S compatible
 106:../Sources/DSP/AudioIF.c ****         0,                  //high active frame sync polarity
 107:../Sources/DSP/AudioIF.c ****         1                   //Master mode generates frame sync
 108:../Sources/DSP/AudioIF.c ****     );
 109:../Sources/DSP/AudioIF.c ****     sai_frameclk_config
 110:../Sources/DSP/AudioIF.c ****     (
 274              		.loc 1 110 0
 275 0272 4FF00103 		mov	r3, #1
 276 0276 0093     		str	r3, [sp, #0]
 277 0278 4FF00000 		mov	r0, #0
 278 027c 4FF00001 		mov	r1, #0
 279 0280 4FF00102 		mov	r2, #1
 280 0284 4FF00003 		mov	r3, #0
 281 0288 FFF7FEFF 		bl	sai_frameclk_config
 111:../Sources/DSP/AudioIF.c ****         0,                  //Port 0
 112:../Sources/DSP/AudioIF.c ****         0,                  //Rx
 113:../Sources/DSP/AudioIF.c ****         1,                  //Frame Sync One bit Early.   This makes it I2S compatible
 114:../Sources/DSP/AudioIF.c ****         0,                  //high active frame sync polarity
 115:../Sources/DSP/AudioIF.c ****         1                   //Master mode generates frame sync
 116:../Sources/DSP/AudioIF.c ****     );
 117:../Sources/DSP/AudioIF.c ****     sai_wordlength_config(0, //Port
 282              		.loc 1 117 0
 283 028c 4FF01703 		mov	r3, #23
 284 0290 0093     		str	r3, [sp, #0]
 285 0292 4FF00000 		mov	r0, #0
 286 0296 4FF00101 		mov	r1, #1
 287 029a 4FF01F02 		mov	r2, #31
 288 029e 4FF01F03 		mov	r3, #31
 289 02a2 FFF7FEFF 		bl	sai_wordlength_config
 118:../Sources/DSP/AudioIF.c ****                           1, //Tx
 119:../Sources/DSP/AudioIF.c ****                           31, //32 bits per word N
 120:../Sources/DSP/AudioIF.c ****                           31, //32 bits per word N
 121:../Sources/DSP/AudioIF.c ****                           23 // first bit to shift
 122:../Sources/DSP/AudioIF.c ****                          );
 123:../Sources/DSP/AudioIF.c ****     sai_wordlength_config(0, //Port
 290              		.loc 1 123 0
 291 02a6 4FF01703 		mov	r3, #23
 292 02aa 0093     		str	r3, [sp, #0]
 293 02ac 4FF00000 		mov	r0, #0
 294 02b0 4FF00001 		mov	r1, #0
 295 02b4 4FF01F02 		mov	r2, #31
 296 02b8 4FF01F03 		mov	r3, #31
 297 02bc FFF7FEFF 		bl	sai_wordlength_config
 124:../Sources/DSP/AudioIF.c ****                           0, //Rx
 125:../Sources/DSP/AudioIF.c ****                           31, //32 bits per word N
 126:../Sources/DSP/AudioIF.c ****                           31, //32 bits per word N
 127:../Sources/DSP/AudioIF.c ****                           23 // first bit to shift
 128:../Sources/DSP/AudioIF.c ****                          );
 129:../Sources/DSP/AudioIF.c ****     sai_channel_enable(0, //Port 0
 298              		.loc 1 129 0
 299 02c0 4FF00000 		mov	r0, #0
 300 02c4 4FF00101 		mov	r1, #1
 301 02c8 4FF00102 		mov	r2, #1
 302 02cc FFF7FEFF 		bl	sai_channel_enable
 130:../Sources/DSP/AudioIF.c ****                        1, //Tx
 131:../Sources/DSP/AudioIF.c ****                        1 //Enable both Channel
 132:../Sources/DSP/AudioIF.c ****                       );
 133:../Sources/DSP/AudioIF.c ****     sai_channel_enable(0, //Port 0
 303              		.loc 1 133 0
 304 02d0 4FF00000 		mov	r0, #0
 305 02d4 4FF00001 		mov	r1, #0
 306 02d8 4FF00102 		mov	r2, #1
 307 02dc FFF7FEFF 		bl	sai_channel_enable
 134:../Sources/DSP/AudioIF.c ****                        0, //Rx
 135:../Sources/DSP/AudioIF.c ****                        1 //Enable both Channel
 136:../Sources/DSP/AudioIF.c ****                       );
 137:../Sources/DSP/AudioIF.c ****     sai_pinmux_init(0, 0);  //Port C
 308              		.loc 1 137 0
 309 02e0 4FF00000 		mov	r0, #0
 310 02e4 4FF00001 		mov	r1, #0
 311 02e8 FFF7FEFF 		bl	sai_pinmux_init
 138:../Sources/DSP/AudioIF.c ****     sai_stop_dbg_enable(0, 1, 0, 0);    //tx enabled in debug and stop
 312              		.loc 1 138 0
 313 02ec 4FF00000 		mov	r0, #0
 314 02f0 4FF00101 		mov	r1, #1
 315 02f4 4FF00002 		mov	r2, #0
 316 02f8 4FF00003 		mov	r3, #0
 317 02fc FFF7FEFF 		bl	sai_stop_dbg_enable
 139:../Sources/DSP/AudioIF.c ****     sai_stop_dbg_enable(0, 0, 0, 0);    //RX enabled in debug and stop
 318              		.loc 1 139 0
 319 0300 4FF00000 		mov	r0, #0
 320 0304 4FF00001 		mov	r1, #0
 321 0308 4FF00002 		mov	r2, #0
 322 030c 4FF00003 		mov	r3, #0
 323 0310 FFF7FEFF 		bl	sai_stop_dbg_enable
 140:../Sources/DSP/AudioIF.c ****     sai_watermark_config(0, //POrt 0
 324              		.loc 1 140 0
 325 0314 4FF00000 		mov	r0, #0
 326 0318 4FF00101 		mov	r1, #1
 327 031c 4FF00102 		mov	r2, #1
 328 0320 FFF7FEFF 		bl	sai_watermark_config
 141:../Sources/DSP/AudioIF.c ****                          1, //Recieve WaterMark
 142:../Sources/DSP/AudioIF.c ****                          1 //anything greater than 1
 143:../Sources/DSP/AudioIF.c ****                         );
 144:../Sources/DSP/AudioIF.c ****     sai_watermark_config(0, //POrt 0
 329              		.loc 1 144 0
 330 0324 4FF00000 		mov	r0, #0
 331 0328 4FF00001 		mov	r1, #0
 332 032c 4FF00102 		mov	r2, #1
 333 0330 FFF7FEFF 		bl	sai_watermark_config
 145:../Sources/DSP/AudioIF.c ****                          0, //tx WaterMark
 146:../Sources/DSP/AudioIF.c ****                          1 //anything less than or equal to
 147:../Sources/DSP/AudioIF.c ****                         );
 148:../Sources/DSP/AudioIF.c ****     sai_enable(0, //port
 334              		.loc 1 148 0
 335 0334 4FF00000 		mov	r0, #0
 336 0338 4FF00001 		mov	r1, #0
 337 033c FFF7FEFF 		bl	sai_enable
 149:../Sources/DSP/AudioIF.c ****                0 //rx
 150:../Sources/DSP/AudioIF.c ****               );
 151:../Sources/DSP/AudioIF.c ****     sai_enable(0, //port
 338              		.loc 1 151 0
 339 0340 4FF00000 		mov	r0, #0
 340 0344 4FF00101 		mov	r1, #1
 341 0348 FFF7FEFF 		bl	sai_enable
 152:../Sources/DSP/AudioIF.c ****                1 //tx
 153:../Sources/DSP/AudioIF.c ****               );
 154:../Sources/DSP/AudioIF.c ****     I2S0_TDR0 = 0;
 342              		.loc 1 154 0
 343 034c 4FF47043 		mov	r3, #61440
 344 0350 C4F20203 		movt	r3, 16386
 345 0354 4FF00002 		mov	r2, #0
 346 0358 1A62     		str	r2, [r3, #32]
 155:../Sources/DSP/AudioIF.c ****     I2S0_TDR0 = 0;
 347              		.loc 1 155 0
 348 035a 4FF47043 		mov	r3, #61440
 349 035e C4F20203 		movt	r3, 16386
 350 0362 4FF00002 		mov	r2, #0
 351 0366 1A62     		str	r2, [r3, #32]
 156:../Sources/DSP/AudioIF.c ****     I2S0_TDR0 = 0;
 352              		.loc 1 156 0
 353 0368 4FF47043 		mov	r3, #61440
 354 036c C4F20203 		movt	r3, 16386
 355 0370 4FF00002 		mov	r2, #0
 356 0374 1A62     		str	r2, [r3, #32]
 157:../Sources/DSP/AudioIF.c ****     I2S0_TDR0 = 0;
 357              		.loc 1 157 0
 358 0376 4FF47043 		mov	r3, #61440
 359 037a C4F20203 		movt	r3, 16386
 360 037e 4FF00002 		mov	r2, #0
 361 0382 1A62     		str	r2, [r3, #32]
 158:../Sources/DSP/AudioIF.c ****     PORTD_PCR3 = (PORT_PCR_MUX(1) | PORT_PCR_DSE_MASK);
 362              		.loc 1 158 0
 363 0384 4FF44043 		mov	r3, #49152
 364 0388 C4F20403 		movt	r3, 16388
 365 038c 4FF4A072 		mov	r2, #320
 366 0390 DA60     		str	r2, [r3, #12]
 159:../Sources/DSP/AudioIF.c ****     GPIOD_PDDR |= 1<<3;
 367              		.loc 1 159 0
 368 0392 4FF2C003 		movw	r3, #61632
 369 0396 C4F20F03 		movt	r3, 16399
 370 039a 4FF2C002 		movw	r2, #61632
 371 039e C4F20F02 		movt	r2, 16399
 372 03a2 5269     		ldr	r2, [r2, #20]
 373 03a4 42F00802 		orr	r2, r2, #8
 374 03a8 5A61     		str	r2, [r3, #20]
 160:../Sources/DSP/AudioIF.c ****     PORTD_PCR1 = (PORT_PCR_MUX(1) | PORT_PCR_DSE_MASK);
 375              		.loc 1 160 0
 376 03aa 4FF44043 		mov	r3, #49152
 377 03ae C4F20403 		movt	r3, 16388
 378 03b2 4FF4A072 		mov	r2, #320
 379 03b6 5A60     		str	r2, [r3, #4]
 161:../Sources/DSP/AudioIF.c ****     GPIOD_PDDR |= 1<<1;
 380              		.loc 1 161 0
 381 03b8 4FF2C003 		movw	r3, #61632
 382 03bc C4F20F03 		movt	r3, 16399
 383 03c0 4FF2C002 		movw	r2, #61632
 384 03c4 C4F20F02 		movt	r2, 16399
 385 03c8 5269     		ldr	r2, [r2, #20]
 386 03ca 42F00202 		orr	r2, r2, #2
 387 03ce 5A61     		str	r2, [r3, #20]
 162:../Sources/DSP/AudioIF.c ****     GPIOD_PSOR = 0;
 388              		.loc 1 162 0
 389 03d0 4FF2C003 		movw	r3, #61632
 390 03d4 C4F20F03 		movt	r3, 16399
 391 03d8 4FF00002 		mov	r2, #0
 392 03dc 5A60     		str	r2, [r3, #4]
 163:../Sources/DSP/AudioIF.c ****     sai_interrupt_enable(0, //Port
 393              		.loc 1 163 0
 394 03de 4FF00000 		mov	r0, #0
 395 03e2 4FF00001 		mov	r1, #0
 396 03e6 FFF7FEFF 		bl	sai_interrupt_enable
 164:../Sources/DSP/AudioIF.c ****                          0 // Rx)
 165:../Sources/DSP/AudioIF.c ****                         );
 166:../Sources/DSP/AudioIF.c ****     sai_interrupt_enable(0, //Port
 397              		.loc 1 166 0
 398 03ea 4FF00000 		mov	r0, #0
 399 03ee 4FF00101 		mov	r1, #1
 400 03f2 FFF7FEFF 		bl	sai_interrupt_enable
 167:../Sources/DSP/AudioIF.c ****                          1 // tx)
 168:../Sources/DSP/AudioIF.c ****                         );
 169:../Sources/DSP/AudioIF.c ****     enable_irq(INT_I2S0_Rx - 16);
 401              		.loc 1 169 0
 402 03f6 4FF00E00 		mov	r0, #14
 403 03fa FFF7FEFF 		bl	enable_irq
 170:../Sources/DSP/AudioIF.c ****     enable_irq(INT_I2S0_Tx - 16);
 404              		.loc 1 170 0
 405 03fe 4FF00D00 		mov	r0, #13
 406 0402 FFF7FEFF 		bl	enable_irq
 171:../Sources/DSP/AudioIF.c ****     AudioSampleRate = SampleRate;
 407              		.loc 1 171 0
 408 0406 40F20003 		movw	r3, #:lower16:AudioSampleRate
 409 040a C0F20003 		movt	r3, #:upper16:AudioSampleRate
 410 040e BA68     		ldr	r2, [r7, #8]
 411 0410 1A60     		str	r2, [r3, #0]
 172:../Sources/DSP/AudioIF.c ****     return AudioMasterClock;
 412              		.loc 1 172 0
 413 0412 40F20003 		movw	r3, #:lower16:AudioMasterClock
 414 0416 C0F20003 		movt	r3, #:upper16:AudioMasterClock
 415 041a 1B68     		ldr	r3, [r3, #0]
 173:../Sources/DSP/AudioIF.c **** }
 416              		.loc 1 173 0
 417 041c 1846     		mov	r0, r3
 418 041e 07F12007 		add	r7, r7, #32
 419 0422 BD46     		mov	sp, r7
 420 0424 B0BD     		pop	{r4, r5, r7, pc}
 421              		.cfi_endproc
 422              	.LFE0:
 424 0426 00BF     		.text
 425              	.Letext0:
 426              		.file 2 "C:/Freescale/CW MCU v10.5/MCU/ARM_GCC_Support/ewl/EWL_C/include/cstdint"
 427              		.file 3 "C:/Users/ehughes/Documents/GitHub/MonkeyJam/MonkeyJam/Project_Headers/MK20D5.h"
DEFINED SYMBOLS
                            *ABS*:00000000 AudioIF.c
                            *COM*:00000004 AudioMasterClock
                            *COM*:00000004 AudioSampleRate
C:\Users\ehughes\AppData\Local\Temp\ccqvkMEJ.s:26     .text.InitAudioIO:00000000 $t
C:\Users\ehughes\AppData\Local\Temp\ccqvkMEJ.s:31     .text.InitAudioIO:00000000 InitAudioIO
                     .debug_frame:00000010 $d

UNDEFINED SYMBOLS
__aeabi_ui2f
__aeabi_fdiv
__aeabi_fmul
__aeabi_f2uiz
__aeabi_fadd
sai_clear_reg
sai_mclk_config
sai_bclk_config
sai_bclk_en
sai_mode_config
sai_word_flg_config
sai_frame_config
sai_frameclk_config
sai_wordlength_config
sai_channel_enable
sai_pinmux_init
sai_stop_dbg_enable
sai_watermark_config
sai_enable
sai_interrupt_enable
enable_irq
